{
  "RSpec": {
    "coverage": {
      "/Users/colinalexander/Code/Portfolio_Projects/Sinatra_Website/config/environment.rb": {
        "lines": [
          1,
          1,
          null,
          1,
          null,
          2,
          null,
          3,
          null,
          1,
          null,
          1
        ]
      },
      "/Users/colinalexander/Code/Portfolio_Projects/Sinatra_Website/app/controllers/sinatra_website.rb": {
        "lines": [
          1,
          1,
          null,
          1,
          1,
          1,
          null,
          null,
          null,
          1,
          1,
          1,
          1,
          1,
          null,
          null,
          1,
          5,
          null,
          null,
          1,
          3,
          3,
          3,
          null,
          null,
          1,
          1,
          null,
          null,
          1,
          0,
          null,
          null,
          1,
          null,
          13,
          13,
          13,
          null,
          null,
          1,
          1,
          null,
          null,
          1,
          1,
          0,
          0,
          0,
          null,
          0,
          0,
          null,
          0,
          null,
          1,
          1,
          1,
          null,
          0,
          null,
          null,
          null,
          1,
          1,
          1,
          null,
          null,
          1,
          1,
          1,
          0,
          0,
          0,
          null,
          0,
          0,
          null,
          0,
          null,
          1,
          null,
          null,
          null,
          null,
          1,
          null,
          null,
          1,
          1,
          1,
          1,
          null,
          null,
          1,
          0,
          null,
          null,
          1,
          null,
          1,
          null,
          null,
          1,
          1,
          1,
          null,
          null,
          1,
          1,
          1,
          0,
          0,
          0,
          null,
          0,
          0,
          null,
          0,
          null,
          1,
          null,
          null,
          null,
          null,
          1,
          null,
          null,
          1,
          1,
          0,
          0,
          0,
          null,
          0,
          0,
          null,
          0,
          null,
          1,
          1,
          1,
          null,
          0,
          null,
          null,
          null,
          1,
          1,
          1,
          1,
          null,
          null,
          1,
          0,
          null,
          null
        ]
      },
      "/Users/colinalexander/Code/Portfolio_Projects/Sinatra_Website/app/models/project.rb": {
        "lines": [
          1,
          1,
          1,
          1,
          null,
          null
        ]
      },
      "/Users/colinalexander/Code/Portfolio_Projects/Sinatra_Website/app/models/graphic.rb": {
        "lines": [
          1,
          null,
          null
        ]
      },
      "/Users/colinalexander/Code/Portfolio_Projects/Sinatra_Website/config/database.rb": {
        "lines": [
          null,
          1,
          1,
          null,
          1,
          1,
          null,
          null,
          null,
          null,
          null,
          null,
          null
        ]
      },
      "/Users/colinalexander/Code/Portfolio_Projects/Sinatra_Website/spec/features/admin/dashboard_spec.rb": {
        "lines": [
          1,
          null,
          1,
          null,
          1,
          null,
          1,
          1,
          1,
          null,
          null
        ]
      },
      "/Users/colinalexander/Code/Portfolio_Projects/Sinatra_Website/spec/features/admin/graphic_spec.rb": {
        "lines": [
          1,
          null,
          1,
          1,
          1,
          null,
          1,
          null,
          1,
          1,
          1,
          null,
          1,
          null,
          1,
          1,
          1,
          1,
          1,
          1,
          null,
          null,
          1,
          1,
          null,
          null,
          null,
          null,
          1,
          null,
          1,
          1,
          null,
          null,
          1,
          1,
          1,
          null,
          1,
          1,
          1,
          1,
          null,
          null,
          1,
          1,
          null,
          null,
          null,
          null,
          1,
          null,
          1,
          1,
          null,
          null,
          1,
          null,
          null
        ]
      },
      "/Users/colinalexander/Code/Portfolio_Projects/Sinatra_Website/spec/features/admin/project_spec.rb": {
        "lines": [
          1,
          null,
          1,
          1,
          1,
          null,
          1,
          null,
          1,
          1,
          null,
          1,
          1,
          null,
          1,
          null,
          1,
          1,
          1,
          1,
          1,
          null,
          1,
          1,
          null,
          null,
          1,
          1,
          null,
          null,
          null,
          null,
          null,
          1,
          null,
          1,
          1,
          null,
          null,
          1,
          1,
          1,
          null,
          1,
          1,
          1,
          1,
          null,
          null,
          1,
          1,
          null,
          null,
          null,
          null,
          null,
          1,
          null,
          1,
          1,
          null,
          null,
          1,
          null,
          null
        ]
      },
      "/Users/colinalexander/Code/Portfolio_Projects/Sinatra_Website/spec/features/welcome_spec.rb": {
        "lines": [
          1,
          null,
          1,
          1,
          1,
          1,
          1,
          1,
          1,
          1,
          1,
          null,
          null,
          1,
          1,
          null,
          1,
          null,
          null,
          null,
          1,
          1,
          1,
          1,
          null,
          1,
          null,
          null,
          1,
          1,
          1,
          1,
          null,
          null,
          1,
          null,
          null,
          1,
          1,
          1,
          1,
          null,
          null,
          1,
          null,
          null,
          null
        ]
      },
      "/Users/colinalexander/Code/Portfolio_Projects/Sinatra_Website/spec/features/work_spec.rb": {
        "lines": [
          1,
          null,
          1,
          null,
          1,
          1,
          1,
          null,
          1,
          1,
          1,
          1,
          null,
          null,
          1,
          1,
          null,
          1,
          1,
          1,
          null,
          null,
          null,
          null
        ]
      }
    },
    "timestamp": 1600756268
  }
}
